<?xml version="1.0" encoding="UTF-8"?>
<!-- Generated by org.testng.reporters.JUnitReportReporter -->
<testsuite hostname="Anudeep" failures="0" tests="1" name="runner.runner_file" time="8.445" errors="0" timestamp="2024-07-24T22:48:50 IST" skipped="0">
  <testcase classname="runner.runner_file" name="runScenario" time="8.445"/>
  <system-out/>
</testsuite> <!-- runner.runner_file -->
